  glad.c
  Main.cpp
  Camera.cpp
C:\Users\Gebruiker\source\repos\C++\openGL\proj 5\VoxelEngine\VoxelEngine\Camera.cpp(58,11): warning C4305: '=': truncation from 'double' to 'float'
  IndexBuffer.cpp
  Renderer.cpp
C:\Users\Gebruiker\source\repos\C++\openGL\proj 5\VoxelEngine\VoxelEngine\Renderer.cpp(97,28): warning C4305: 'argument': truncation from 'double' to 'GLfloat'
C:\Users\Gebruiker\source\repos\C++\openGL\proj 5\VoxelEngine\VoxelEngine\Renderer.cpp(97,23): warning C4305: 'argument': truncation from 'double' to 'GLfloat'
C:\Users\Gebruiker\source\repos\C++\openGL\proj 5\VoxelEngine\VoxelEngine\Renderer.cpp(97,18): warning C4305: 'argument': truncation from 'double' to 'GLfloat'
  ShaderClass.cpp
  Terrain.cpp
C:\Users\Gebruiker\source\repos\C++\openGL\proj 5\VoxelEngine\VoxelEngine\Terrain.cpp(10,55): warning C4267: 'argument': conversion from 'size_t' to 'unsigned int', possible loss of data
C:\Users\Gebruiker\source\repos\C++\openGL\proj 5\VoxelEngine\VoxelEngine\Terrain.cpp(15,59): warning C4267: 'argument': conversion from 'size_t' to 'unsigned int', possible loss of data
C:\Users\Gebruiker\source\repos\C++\openGL\proj 5\VoxelEngine\VoxelEngine\Terrain.cpp(41,46): warning C4267: 'argument': conversion from 'size_t' to 'GLsizei', possible loss of data
C:\Users\Gebruiker\source\repos\C++\openGL\proj 5\VoxelEngine\VoxelEngine\Terrain.cpp(68,53): warning C4244: 'argument': conversion from 'double' to '_Ty', possible loss of data
          with
          [
              _Ty=float
          ]
C:\Users\Gebruiker\source\repos\C++\openGL\proj 5\VoxelEngine\VoxelEngine\Terrain.cpp(69,53): warning C4244: 'argument': conversion from 'double' to '_Ty', possible loss of data
          with
          [
              _Ty=float
          ]
C:\Users\Gebruiker\source\repos\C++\openGL\proj 5\VoxelEngine\VoxelEngine\Terrain.cpp(70,53): warning C4244: 'argument': conversion from 'double' to '_Ty', possible loss of data
          with
          [
              _Ty=float
          ]
C:\Users\Gebruiker\source\repos\C++\openGL\proj 5\VoxelEngine\VoxelEngine\Terrain.cpp(146,29): warning C4554: '>>': check operator precedence for possible error; use parentheses to clarify precedence
C:\Users\Gebruiker\source\repos\C++\openGL\proj 5\VoxelEngine\VoxelEngine\Terrain.cpp(149,29): warning C4554: '>>': check operator precedence for possible error; use parentheses to clarify precedence
C:\Users\Gebruiker\source\repos\C++\openGL\proj 5\VoxelEngine\VoxelEngine\Terrain.cpp(151,18): warning C4244: 'initializing': conversion from 'double' to 'float', possible loss of data
C:\Users\Gebruiker\source\repos\C++\openGL\proj 5\VoxelEngine\VoxelEngine\Terrain.cpp(176,48): warning C4244: 'return': conversion from 'double' to 'float', possible loss of data
  VertexArray.cpp
C:\Users\Gebruiker\source\repos\C++\openGL\proj 5\VoxelEngine\VoxelEngine\VertexArray.cpp(24,97): warning C4312: 'type cast': conversion from 'unsigned int' to 'const void *' of greater size
  VertexBuffer.cpp
  Generating Code...
glfw3.lib(init.obj) : warning LNK4099: PDB '' was not found with 'glfw3.lib(init.obj)' or at ''; linking object as if no debug info
glfw3.lib(input.obj) : warning LNK4099: PDB '' was not found with 'glfw3.lib(input.obj)' or at ''; linking object as if no debug info
glfw3.lib(window.obj) : warning LNK4099: PDB '' was not found with 'glfw3.lib(window.obj)' or at ''; linking object as if no debug info
glfw3.lib(context.obj) : warning LNK4099: PDB '' was not found with 'glfw3.lib(context.obj)' or at ''; linking object as if no debug info
glfw3.lib(win32_init.obj) : warning LNK4099: PDB '' was not found with 'glfw3.lib(win32_init.obj)' or at ''; linking object as if no debug info
glfw3.lib(win32_monitor.obj) : warning LNK4099: PDB '' was not found with 'glfw3.lib(win32_monitor.obj)' or at ''; linking object as if no debug info
glfw3.lib(win32_time.obj) : warning LNK4099: PDB '' was not found with 'glfw3.lib(win32_time.obj)' or at ''; linking object as if no debug info
glfw3.lib(win32_thread.obj) : warning LNK4099: PDB '' was not found with 'glfw3.lib(win32_thread.obj)' or at ''; linking object as if no debug info
glfw3.lib(monitor.obj) : warning LNK4099: PDB '' was not found with 'glfw3.lib(monitor.obj)' or at ''; linking object as if no debug info
glfw3.lib(vulkan.obj) : warning LNK4099: PDB '' was not found with 'glfw3.lib(vulkan.obj)' or at ''; linking object as if no debug info
glfw3.lib(win32_window.obj) : warning LNK4099: PDB '' was not found with 'glfw3.lib(win32_window.obj)' or at ''; linking object as if no debug info
glfw3.lib(win32_joystick.obj) : warning LNK4099: PDB '' was not found with 'glfw3.lib(win32_joystick.obj)' or at ''; linking object as if no debug info
glfw3.lib(wgl_context.obj) : warning LNK4099: PDB '' was not found with 'glfw3.lib(wgl_context.obj)' or at ''; linking object as if no debug info
glfw3.lib(egl_context.obj) : warning LNK4099: PDB '' was not found with 'glfw3.lib(egl_context.obj)' or at ''; linking object as if no debug info
glfw3.lib(osmesa_context.obj) : warning LNK4099: PDB '' was not found with 'glfw3.lib(osmesa_context.obj)' or at ''; linking object as if no debug info
  VoxelEngine.vcxproj -> C:\Users\Gebruiker\source\repos\C++\openGL\proj 5\VoxelEngine\x64\Debug\VoxelEngine.exe
